0 info it worked if it ends with ok
1 verbose cli [ 'E:\\Software\\NodeJs\\node.exe',
1 verbose cli   'E:\\Software\\NodeJs\\node_modules\\npm\\bin\\npm-cli.js',
1 verbose cli   'run',
1 verbose cli   'start' ]
2 info using npm@3.10.10
3 info using node@v6.11.4
4 verbose run-script [ 'prestart', 'start', 'poststart' ]
5 info lifecycle recruitment-server@0.0.0~prestart: recruitment-server@0.0.0
6 silly lifecycle recruitment-server@0.0.0~prestart: no script for prestart, continuing
7 info lifecycle recruitment-server@0.0.0~start: recruitment-server@0.0.0
8 verbose lifecycle recruitment-server@0.0.0~start: unsafe-perm in lifecycle true
9 verbose lifecycle recruitment-server@0.0.0~start: PATH: E:\Software\NodeJs\node_modules\npm\bin\node-gyp-bin;E:\WorkSpace\NodeJs\recruitment-server\node_modules\.bin;C:\Program Files (x86)\NVIDIA Corporation\PhysX\Common;C:\ProgramData\Oracle\Java\javapath;C:\Program Files (x86)\Intel\iCLS Client\;C:\Program Files\Intel\iCLS Client\;C:\Windows\system32;C:\Windows;C:\Windows\System32\Wbem;C:\Windows\System32\WindowsPowerShell\v1.0\;C:\Program Files\Intel\Intel(R) Management Engine Components\DAL;C:\Program Files (x86)\Intel\Intel(R) Management Engine Components\DAL;C:\Program Files\Intel\Intel(R) Management Engine Components\IPT;C:\Program Files (x86)\Intel\Intel(R) Management Engine Components\IPT;C:\Program Files\Intel\WiFi\bin\;C:\Program Files\Common Files\Intel\WirelessCommon\;E:\Java\Jdk\bin;E:\Android\AndroidSdk\tools;E:\Android\AndroidSdk\platform-tools;E:\Maven\bin;E:\Software\MongoDB\bin;E:\Software\NodeJs\;E:\Software\Git\cmd;E:\Software\Git\bin;E:\Software\Git\mingw64\libexec\git-core;C:\Users\Logan\AppData\Local\Programs\Fiddler;C:\Users\Logan\AppData\Roaming\npm
10 verbose lifecycle recruitment-server@0.0.0~start: CWD: E:\WorkSpace\NodeJs\recruitment-server
11 silly lifecycle recruitment-server@0.0.0~start: Args: [ '/d /s /c', 'node ./bin/www' ]
12 silly lifecycle recruitment-server@0.0.0~start: Returned: code: 1  signal: null
13 info lifecycle recruitment-server@0.0.0~start: Failed to exec start script
14 verbose stack Error: recruitment-server@0.0.0 start: `node ./bin/www`
14 verbose stack Exit status 1
14 verbose stack     at EventEmitter.<anonymous> (E:\Software\NodeJs\node_modules\npm\lib\utils\lifecycle.js:255:16)
14 verbose stack     at emitTwo (events.js:106:13)
14 verbose stack     at EventEmitter.emit (events.js:191:7)
14 verbose stack     at ChildProcess.<anonymous> (E:\Software\NodeJs\node_modules\npm\lib\utils\spawn.js:40:14)
14 verbose stack     at emitTwo (events.js:106:13)
14 verbose stack     at ChildProcess.emit (events.js:191:7)
14 verbose stack     at maybeClose (internal/child_process.js:920:16)
14 verbose stack     at Process.ChildProcess._handle.onexit (internal/child_process.js:230:5)
15 verbose pkgid recruitment-server@0.0.0
16 verbose cwd E:\WorkSpace\NodeJs\recruitment-server
17 error Windows_NT 6.3.9600
18 error argv "E:\\Software\\NodeJs\\node.exe" "E:\\Software\\NodeJs\\node_modules\\npm\\bin\\npm-cli.js" "run" "start"
19 error node v6.11.4
20 error npm  v3.10.10
21 error code ELIFECYCLE
22 error recruitment-server@0.0.0 start: `node ./bin/www`
22 error Exit status 1
23 error Failed at the recruitment-server@0.0.0 start script 'node ./bin/www'.
23 error Make sure you have the latest version of node.js and npm installed.
23 error If you do, this is most likely a problem with the recruitment-server package,
23 error not with npm itself.
23 error Tell the author that this fails on your system:
23 error     node ./bin/www
23 error You can get information on how to open an issue for this project with:
23 error     npm bugs recruitment-server
23 error Or if that isn't available, you can get their info via:
23 error     npm owner ls recruitment-server
23 error There is likely additional logging output above.
24 verbose exit [ 1, true ]
